<?xml version="1.0" encoding="UTF-8"?>
<!-- Generated by org.testng.reporters.JUnitReportReporter -->
<testsuite skipped="0" hostname="MAA2-LT18YYLC2" name="cucumber1.RunTest" tests="2" failures="0" timestamp="2020-01-01T17:37:56 IST" time="13.362" errors="0">
  <testcase name="runScenario" time="6.285" classname="cucumber1.RunTest"/>
  <testcase name="runScenario" time="7.077" classname="cucumber1.RunTest"/>
</testsuite> <!-- cucumber1.RunTest -->
