<?xml version="1.0" encoding="UTF-8"?>
<!-- Generated by org.testng.reporters.JUnitReportReporter -->
<testsuite skipped="0" hostname="MAA2-LT18YYLC2" name="cucumber.Runner" tests="1" failures="0" timestamp="2020-01-01T17:33:22 IST" time="26.610" errors="0">
  <testcase name="runScenario" time="26.610" classname="cucumber.Runner"/>
</testsuite> <!-- cucumber.Runner -->
