<?xml version="1.0" encoding="UTF-8"?>
<!-- Generated by org.testng.reporters.JUnitReportReporter -->
<testsuite skipped="0" hostname="MAA2-LT18YYLC2" name="testcase.EditLead" tests="1" failures="0" timestamp="2019-12-25T18:33:15 IST" time="44.939" errors="0">
  <testcase name="editlead" time="44.939" classname="testcase.EditLead"/>
</testsuite> <!-- testcase.EditLead -->
