<?xml version="1.0" encoding="UTF-8"?>
<!-- Generated by org.testng.reporters.JUnitReportReporter -->
<testsuite skipped="0" hostname="MAA2-LT18YYLC2" name="testNgannotations.CreateLead" tests="1" failures="0" timestamp="2019-12-22T10:52:56 IST" time="28.290" errors="0">
  <testcase name="createlead" time="28.290" classname="testNgannotations.CreateLead"/>
</testsuite> <!-- testNgannotations.CreateLead -->
