<?xml version="1.0" encoding="UTF-8"?>
<!-- Generated by org.testng.reporters.JUnitReportReporter -->
<testsuite skipped="0" hostname="MAA2-LT18YYLC2" name="testcase.CreateLead" tests="1" failures="0" timestamp="2019-12-25T18:33:15 IST" time="38.456" errors="0">
  <testcase name="createlead" time="38.456" classname="testcase.CreateLead"/>
</testsuite> <!-- testcase.CreateLead -->
